0.000055
0.000112
0.000224
0.000522
0.000987
0.001964
0.003945
0.007827
0.013954
0.035983
0.060189
0.114227
0.225171
0.451583
0.956398

0.000031
0.000061
0.000130
0.000263
0.000489
0.001390
0.001998
0.003571
0.007660
0.014606
0.029293
0.061105
0.138230
0.268102
0.508713

0.000020
0.000035
0.000066
0.000155
0.000243
0.000501
0.000930
0.001864
0.004167
0.011656
0.015662
0.031284
0.063803
0.135304
0.307266

0.000019
0.000032
0.000054
0.000108
0.000193
0.000422
0.000764
0.001516
0.002311
0.010590
0.019921
0.031581
0.071028
0.154747
0.274802

