0.000032
0.000123
0.000143
0.000272
0.000641
0.001253
0.002449
0.004950
0.010469
0.017064
0.034615
0.069149
0.149419
0.297486
0.597088

0.000025
0.000037
0.000069
0.000160
0.000321
0.000579
0.001225
0.003070
0.004362
0.010219
0.017656
0.038070
0.096664
0.212242
0.345329

0.000020
0.000023
0.000052
0.000083
0.000169
0.000318
0.000649
0.001276
0.002522
0.005025
0.010772
0.024573
0.059141
0.107837
0.189217

0.000014
0.000022
0.000038
0.000073
0.000122
0.000201
0.000452
0.000948
0.001832
0.004587
0.006984
0.025145
0.027647
0.084253
0.113469

